<?xml version="1.0" encoding="UTF-8"?>
<!-- Generated by org.testng.reporters.JUnitReportReporter -->
<testsuite hostname="GAURAV-TANEJA" failures="0" tests="3" name="Practice.TestIII" time="0.044" errors="0" timestamp="2025-01-22T00:35:48 IST" skipped="0">
  <testcase classname="Practice.TestIII" name="login" time="0.021"/>
  <testcase classname="Practice.TestIII" name="login" time="0.005"/>
  <testcase classname="Practice.TestIII" name="login" time="0.018"/>
</testsuite> <!-- Practice.TestIII -->
