<?xml version="1.0" encoding="UTF-8"?>
<!-- Generated by org.testng.reporters.JUnitReportReporter -->
<testsuite hostname="GAURAV-TANEJA" failures="0" tests="2" name="Practice.TestVIII" time="0.010" errors="0" timestamp="2025-01-23T13:51:04 IST" skipped="0">
  <testcase classname="Practice.TestVIII" name="Test4" time="0.004"/>
  <testcase classname="Practice.TestVIII" name="Test3" time="0.006"/>
</testsuite> <!-- Practice.TestVIII -->
