<?xml version="1.0" encoding="UTF-8"?>
<!-- Generated by org.testng.reporters.JUnitReportReporter -->
<testsuite hostname="GAURAV-TANEJA" failures="0" tests="3" name="Practice.TestII" time="0.027" errors="0" timestamp="2025-01-22T01:19:25 IST" skipped="0">
  <testcase classname="Practice.TestII" name="Test3" time="0.004"/>
  <testcase classname="Practice.TestII" name="Test1" time="0.007"/>
  <testcase classname="Practice.TestII" name="Test2" time="0.016"/>
</testsuite> <!-- Practice.TestII -->
