<?xml version="1.0" encoding="UTF-8"?>
<!-- Generated by org.testng.reporters.JUnitReportReporter -->
<testsuite hostname="GAURAV-TANEJA" failures="0" tests="1" name="Practice.TestX" time="0.036" errors="0" timestamp="2025-01-23T14:02:05 IST" skipped="0">
  <testcase classname="Practice.TestX" name="test" time="0.036"/>
</testsuite> <!-- Practice.TestX -->
