<?xml version="1.0" encoding="UTF-8"?>
<!-- Generated by org.testng.reporters.JUnitReportReporter -->
<testsuite hostname="GAURAV-TANEJA" failures="0" tests="2" name="Practice.TestVII" time="0.020" errors="0" timestamp="2025-01-23T13:51:04 IST" skipped="0">
  <testcase classname="Practice.TestVII" name="test1" time="0.016"/>
  <testcase classname="Practice.TestVII" name="test2" time="0.004"/>
</testsuite> <!-- Practice.TestVII -->
