<?xml version="1.0" encoding="UTF-8"?>
<!-- Generated by org.testng.reporters.JUnitReportReporter -->
<testsuite hostname="GAURAV-TANEJA" failures="0" tests="1" name="TestI" time="0.152" errors="0" timestamp="2025-01-22T00:16:18 IST" skipped="0">
  <testcase classname="TestI" name="testNGTest1" time="0.152"/>
</testsuite> <!-- TestI -->
